[debug] [2023-10-28T08:12:47.304Z] ----------------------------------------------------------------------
[debug] [2023-10-28T08:12:47.306Z] Command:       C:\Program Files\nodejs\node.exe C:\Users\OneDragon\AppData\Roaming\npm\node_modules\firebase-tools\lib\bin\firebase.js init
[debug] [2023-10-28T08:12:47.306Z] CLI Version:   12.7.0
[debug] [2023-10-28T08:12:47.306Z] Platform:      win32
[debug] [2023-10-28T08:12:47.306Z] Node Version:  v16.16.0
[debug] [2023-10-28T08:12:47.307Z] Time:          Sat Oct 28 2023 04:12:47 GMT-0400 (Eastern Daylight Time)
[debug] [2023-10-28T08:12:47.307Z] ----------------------------------------------------------------------
[debug] 
[debug] [2023-10-28T08:12:47.349Z] > command requires scopes: ["email","openid","https://www.googleapis.com/auth/cloudplatformprojects.readonly","https://www.googleapis.com/auth/firebase","https://www.googleapis.com/auth/cloud-platform"]
[debug] [2023-10-28T08:12:47.349Z] > authorizing via signed-in user (ericdickerson0127@gmail.com)
[info] 
     ######## #### ########  ######## ########     ###     ######  ########
     ##        ##  ##     ## ##       ##     ##  ##   ##  ##       ##
     ######    ##  ########  ######   ########  #########  ######  ######
     ##        ##  ##    ##  ##       ##     ## ##     ##       ## ##
     ##       #### ##     ## ######## ########  ##     ##  ######  ########

You're about to initialize a Firebase project in this directory:

  D:\dev\react-healthcare-app

Before we get started, keep in mind:

  * You are initializing within an existing Firebase project directory

[info] 
=== Project Setup
[info] 
[info] First, let's associate this project directory with a Firebase project.
[info] You can create multiple project aliases by running firebase use --add, 
[info] but for now we'll just set up a default project.
[info] 
[debug] [2023-10-28T08:13:09.117Z] Using project from CLI flag: healthcare-service-react-app
[debug] [2023-10-28T08:13:09.119Z] >>> [apiv2][query] GET https://firebase.googleapis.com/v1beta1/projects/healthcare-service-react-app [none]
[debug] [2023-10-28T08:13:11.162Z] <<< [apiv2][status] GET https://firebase.googleapis.com/v1beta1/projects/healthcare-service-react-app 403
[debug] [2023-10-28T08:13:11.162Z] <<< [apiv2][body] GET https://firebase.googleapis.com/v1beta1/projects/healthcare-service-react-app {"error":{"code":403,"message":"The caller does not have permission","status":"PERMISSION_DENIED"}}
[debug] [2023-10-28T08:13:11.162Z] HTTP Error: 403, The caller does not have permission
[debug] [2023-10-28T08:13:13.415Z] FirebaseError: HTTP Error: 403, The caller does not have permission
    at responseToError (C:\Users\OneDragon\AppData\Roaming\npm\node_modules\firebase-tools\lib\responseToError.js:49:12)
    at RetryOperation._fn (C:\Users\OneDragon\AppData\Roaming\npm\node_modules\firebase-tools\lib\apiv2.js:285:77)
    at processTicksAndRejections (node:internal/process/task_queues:96:5)
[error] 
[error] Error: Failed to get Firebase project healthcare-service-react-app. Please make sure the project exists and your account has permission to access it.
